<?xml version="1.0" encoding="UTF-8"?>
<!-- Generated by org.testng.reporters.JUnitReportReporter -->
<testsuite skipped="1" hostname="DESKTOP-6050QOB" name="test1.NewTest1" tests="2" failures="0" timestamp="2022-09-24T19:43:33 IST" time="0.017" errors="0">
  <testcase name="test12345" time="0.017" classname="test1.NewTest1"/>
  <system-out/>
  <testcase name="test16" classname="test1.NewTest1">
    <skipped/>
  </testcase> <!-- test16 -->
  <system-out/>
</testsuite> <!-- test1.NewTest1 -->
