<?xml version="1.0" encoding="UTF-8"?>
<!-- Generated by org.testng.reporters.JUnitReportReporter -->
<testsuite skipped="0" hostname="DESKTOP-6050QOB" name="facebook.NewTest" tests="2" failures="0" timestamp="2022-09-26T22:53:48 IST" time="16.221" errors="0">
  <testcase name="facebook" time="16.199" classname="facebook.NewTest"/>
  <system-out/>
  <testcase name="f" time="0.022" classname="facebook.NewTest"/>
  <system-out/>
</testsuite> <!-- facebook.NewTest -->
