<?xml version="1.0" encoding="UTF-8"?>
<!-- Generated by org.testng.reporters.JUnitReportReporter -->
<testsuite skipped="0" hostname="DESKTOP-6050QOB" name="test1.groups" tests="3" failures="0" timestamp="2022-09-24T20:02:13 IST" time="0.022" errors="0">
  <testcase name="test1" time="0.003" classname="test1.groups"/>
  <system-out/>
  <testcase name="test" time="0.004" classname="test1.groups"/>
  <system-out/>
  <testcase name="f" time="0.015" classname="test1.groups"/>
  <system-out/>
</testsuite> <!-- test1.groups -->
