<?xml version="1.0" encoding="UTF-8"?>
<!-- Generated by org.testng.reporters.JUnitReportReporter -->
<testsuite skipped="0" hostname="DESKTOP-6050QOB" name="facebook.NewTest1" tests="1" failures="0" timestamp="2022-09-27T14:34:45 IST" time="9.777" errors="0">
  <testcase name="f" time="9.777" classname="facebook.NewTest1"/>
  <system-out/>
</testsuite> <!-- facebook.NewTest1 -->
