<?xml version="1.0" encoding="UTF-8"?>
<!-- Generated by org.testng.reporters.JUnitReportReporter -->
<testsuite skipped="0" hostname="DESKTOP-6050QOB" name="test1.Annotation" tests="3" failures="0" timestamp="2022-09-24T19:57:59 IST" time="0.025" errors="0">
  <testcase name="test9" time="0.013" classname="test1.Annotation"/>
  <system-out/>
  <testcase name="test5" time="0.007" classname="test1.Annotation"/>
  <system-out/>
  <testcase name="test4" time="0.005" classname="test1.Annotation"/>
  <system-out/>
</testsuite> <!-- test1.Annotation -->
