<?xml version="1.0" encoding="UTF-8"?>
<!-- Generated by org.testng.reporters.JUnitReportReporter -->
<testsuite skipped="0" hostname="DESKTOP-6050QOB" name="facebook.para" tests="1" failures="0" timestamp="2022-09-27T15:36:14 IST" time="14.228" errors="0">
  <testcase name="f" time="14.228" classname="facebook.para"/>
  <system-out/>
</testsuite> <!-- facebook.para -->
