<?xml version="1.0" encoding="UTF-8"?>
<!-- Generated by org.testng.reporters.JUnitReportReporter -->
<testsuite skipped="0" hostname="DESKTOP-6050QOB" name="Brokenlink.NewTest" tests="1" failures="0" timestamp="2022-09-27T22:05:19 IST" time="29.069" errors="0">
  <testcase name="f" time="29.069" classname="Brokenlink.NewTest"/>
  <system-out/>
</testsuite> <!-- Brokenlink.NewTest -->
