<?xml version="1.0" encoding="UTF-8"?>
<!-- Generated by org.testng.reporters.JUnitReportReporter -->
<testsuite skipped="0" hostname="DESKTOP-6050QOB" name="Brokenlink1.NewTest" tests="1" failures="0" timestamp="2022-09-27T22:50:55 IST" time="42.118" errors="0">
  <testcase name="f" time="42.118" classname="Brokenlink1.NewTest"/>
  <system-out/>
</testsuite> <!-- Brokenlink1.NewTest -->
